0 info it worked if it ends with ok
1 verbose cli [ '/opt/node/4.4.4/bin/node',
1 verbose cli   '/opt/node/4.4.4/bin/npm',
1 verbose cli   'install',
1 verbose cli   'angular.min.js',
1 verbose cli   '--save' ]
2 info using npm@2.15.1
3 info using node@v4.4.4
4 verbose install initial load of /afs/kth.se/home/a/r/arham/Desktop/ProjectNew/iprogproj/package.json
5 verbose installManyTop reading scoped package data from /afs/kth.se/home/a/r/arham/Desktop/ProjectNew/iprogproj/node_modules/angular-animate/package.json
6 verbose installManyTop reading scoped package data from /afs/kth.se/home/a/r/arham/Desktop/ProjectNew/iprogproj/node_modules/angular-audio/package.json
7 verbose installManyTop reading scoped package data from /afs/kth.se/home/a/r/arham/Desktop/ProjectNew/iprogproj/node_modules/angular-spotify/package.json
8 verbose installManyTop reading scoped package data from /afs/kth.se/home/a/r/arham/Desktop/ProjectNew/iprogproj/node_modules/bower/package.json
9 verbose installManyTop reading scoped package data from /afs/kth.se/home/a/r/arham/Desktop/ProjectNew/iprogproj/node_modules/http-server/package.json
10 verbose readDependencies loading dependencies from /afs/kth.se/home/a/r/arham/Desktop/ProjectNew/iprogproj/package.json
11 silly cache add args [ 'angular.min.js', null ]
12 verbose cache add spec angular.min.js
13 silly cache add parsed spec Result {
13 silly cache add   raw: 'angular.min.js',
13 silly cache add   scope: null,
13 silly cache add   name: 'angular.min.js',
13 silly cache add   rawSpec: '',
13 silly cache add   spec: 'latest',
13 silly cache add   type: 'tag' }
14 silly addNamed angular.min.js@latest
15 verbose addNamed "latest" is being treated as a dist-tag for angular.min.js
16 info addNameTag [ 'angular.min.js', 'latest' ]
17 silly mapToRegistry name angular.min.js
18 silly mapToRegistry using default registry
19 silly mapToRegistry registry https://registry.npmjs.org/
20 silly mapToRegistry data Result {
20 silly mapToRegistry   raw: 'angular.min.js',
20 silly mapToRegistry   scope: null,
20 silly mapToRegistry   name: 'angular.min.js',
20 silly mapToRegistry   rawSpec: '',
20 silly mapToRegistry   spec: 'latest',
20 silly mapToRegistry   type: 'tag' }
21 silly mapToRegistry uri https://registry.npmjs.org/angular.min.js
22 verbose addNameTag registry:https://registry.npmjs.org/angular.min.js not in flight; fetching
23 verbose request uri https://registry.npmjs.org/angular.min.js
24 verbose request no auth needed
25 info attempt registry request try #1 at 6:16:41 PM
26 verbose request id ed1e696c59135b3a
27 http request GET https://registry.npmjs.org/angular.min.js
28 http 404 https://registry.npmjs.org/angular.min.js
29 verbose headers { 'content-type': 'application/json',
29 verbose headers   'cache-control': 'max-age=0',
29 verbose headers   'content-length': '2',
29 verbose headers   'accept-ranges': 'bytes',
29 verbose headers   date: 'Sun, 16 Apr 2017 16:16:42 GMT',
29 verbose headers   via: '1.1 varnish',
29 verbose headers   age: '0',
29 verbose headers   connection: 'keep-alive',
29 verbose headers   'x-served-by': 'cache-bma7025-BMA',
29 verbose headers   'x-cache': 'MISS',
29 verbose headers   'x-cache-hits': '0',
29 verbose headers   'x-timer': 'S1492359401.218774,VS0,VE955',
29 verbose headers   vary: 'Accept-Encoding' }
30 silly get cb [ 404,
30 silly get   { 'content-type': 'application/json',
30 silly get     'cache-control': 'max-age=0',
30 silly get     'content-length': '2',
30 silly get     'accept-ranges': 'bytes',
30 silly get     date: 'Sun, 16 Apr 2017 16:16:42 GMT',
30 silly get     via: '1.1 varnish',
30 silly get     age: '0',
30 silly get     connection: 'keep-alive',
30 silly get     'x-served-by': 'cache-bma7025-BMA',
30 silly get     'x-cache': 'MISS',
30 silly get     'x-cache-hits': '0',
30 silly get     'x-timer': 'S1492359401.218774,VS0,VE955',
30 silly get     vary: 'Accept-Encoding' } ]
31 verbose stack Error: Registry returned 404 for GET on https://registry.npmjs.org/angular.min.js
31 verbose stack     at makeError (/opt/node/4.4.4/lib/node_modules/npm/node_modules/npm-registry-client/lib/request.js:264:12)
31 verbose stack     at CachingRegistryClient.<anonymous> (/opt/node/4.4.4/lib/node_modules/npm/node_modules/npm-registry-client/lib/request.js:242:14)
31 verbose stack     at Request._callback (/opt/node/4.4.4/lib/node_modules/npm/node_modules/npm-registry-client/lib/request.js:172:14)
31 verbose stack     at Request.self.callback (/opt/node/4.4.4/lib/node_modules/npm/node_modules/request/request.js:199:22)
31 verbose stack     at emitTwo (events.js:87:13)
31 verbose stack     at Request.emit (events.js:172:7)
31 verbose stack     at Request.<anonymous> (/opt/node/4.4.4/lib/node_modules/npm/node_modules/request/request.js:1036:10)
31 verbose stack     at emitOne (events.js:82:20)
31 verbose stack     at Request.emit (events.js:169:7)
31 verbose stack     at IncomingMessage.<anonymous> (/opt/node/4.4.4/lib/node_modules/npm/node_modules/request/request.js:963:12)
32 verbose statusCode 404
33 verbose pkgid angular.min.js
34 verbose cwd /afs/kth.se/home/a/r/arham/Desktop/ProjectNew/iprogproj/app/charts
35 error Linux 4.4.0-72-generic
36 error argv "/opt/node/4.4.4/bin/node" "/opt/node/4.4.4/bin/npm" "install" "angular.min.js" "--save"
37 error node v4.4.4
38 error npm  v2.15.1
39 error code E404
40 error 404 Registry returned 404 for GET on https://registry.npmjs.org/angular.min.js
40 error 404
40 error 404 'angular.min.js' is not in the npm registry.
40 error 404 You should bug the author to publish it (or use the name yourself!)
40 error 404 It was specified as a dependency of 'dinner-planner'
40 error 404
40 error 404 Note that you can also install from a
40 error 404 tarball, folder, http url, or git url.
41 verbose exit [ 1, true ]
